<?xml version="1.0" encoding="UTF-8"?>
<testng-results ignored="0" total="1" passed="1" failed="0" skipped="0">
  <reporter-output>
  </reporter-output>
  <suite started-at="2021-04-28T18:15:25 IST" name="Default suite" finished-at="2021-04-28T18:15:39 IST" duration-ms="14353">
    <groups>
    </groups>
    <test started-at="2021-04-28T18:15:25 IST" name="Default test" finished-at="2021-04-28T18:15:39 IST" duration-ms="14353">
      <class name="miniProjectO.webPage">
        <test-method signature="website()[pri:0, instance:miniProjectO.webPage@47542153]" started-at="2021-04-28T18:15:25 IST" name="website" finished-at="2021-04-28T18:15:39 IST" duration-ms="14236" status="PASS">
          <reporter-output>
          </reporter-output>
        </test-method> <!-- website -->
      </class> <!-- miniProjectO.webPage -->
    </test> <!-- Default test -->
  </suite> <!-- Default suite -->
</testng-results>
